=== puma startup: 2016-06-30 14:51:37 +0300 ===
[3299] * Starting control server on unix:///tmp/puma-status-1467287497783-3299
[3299] - Worker 0 (pid: 3306) booted, phase: 0
[3299] - Worker 1 (pid: 3310) booted, phase: 0
[3299] - Worker 2 (pid: 3315) booted, phase: 0
[3299] - Worker 3 (pid: 3321) booted, phase: 0
[3299] - Gracefully shutting down workers...
[3299] === puma shutdown: 2016-06-30 16:21:13 +0300 ===
[3299] - Goodbye!
Exiting
=== puma startup: 2016-06-30 16:21:21 +0300 ===
[7005] * Starting control server on unix:///tmp/puma-status-1467292881266-7005
[7005] - Worker 0 (pid: 7012) booted, phase: 0
[7005] - Worker 1 (pid: 7017) booted, phase: 0
[7005] - Worker 2 (pid: 7022) booted, phase: 0
[7005] - Worker 3 (pid: 7027) booted, phase: 0


Started GET "/" for 127.0.0.1 at 2016-06-30 16:21:42 +0300
  [1m[36mActiveRecord::SchemaMigration Load (0.4ms)[0m  [1mSELECT "schema_migrations".* FROM "schema_migrations"[0m
Processing by Rails::WelcomeController#index as HTML
  Rendered /home/maxim/.rvm/gems/ruby-2.0.0-p648/gems/railties-4.2.6/lib/rails/templates/rails/welcome/index.html.erb (3.4ms)
Completed 200 OK in 21ms (Views: 20.7ms | ActiveRecord: 0.0ms)


Started GET "/user" for 127.0.0.1 at 2016-06-30 16:21:51 +0300

ActionController::RoutingError (No route matches [GET] "/user"):
  actionpack (4.2.6) lib/action_dispatch/middleware/debug_exceptions.rb:21:in `call'
  web-console (2.3.0) lib/web_console/middleware.rb:28:in `block in call'
  web-console (2.3.0) lib/web_console/middleware.rb:18:in `catch'
  web-console (2.3.0) lib/web_console/middleware.rb:18:in `call'
  actionpack (4.2.6) lib/action_dispatch/middleware/show_exceptions.rb:30:in `call'
  railties (4.2.6) lib/rails/rack/logger.rb:38:in `call_app'
  railties (4.2.6) lib/rails/rack/logger.rb:20:in `block in call'
  activesupport (4.2.6) lib/active_support/tagged_logging.rb:68:in `block in tagged'
  activesupport (4.2.6) lib/active_support/tagged_logging.rb:26:in `tagged'
  activesupport (4.2.6) lib/active_support/tagged_logging.rb:68:in `tagged'
  railties (4.2.6) lib/rails/rack/logger.rb:20:in `call'
  actionpack (4.2.6) lib/action_dispatch/middleware/request_id.rb:21:in `call'
  rack (1.6.4) lib/rack/methodoverride.rb:22:in `call'
  rack (1.6.4) lib/rack/runtime.rb:18:in `call'
  rack (1.6.4) lib/rack/lock.rb:17:in `call'
  actionpack (4.2.6) lib/action_dispatch/middleware/static.rb:120:in `call'
  rack (1.6.4) lib/rack/sendfile.rb:113:in `call'
  railties (4.2.6) lib/rails/engine.rb:518:in `call'
  railties (4.2.6) lib/rails/application.rb:165:in `call'
  rack (1.6.4) lib/rack/content_length.rb:15:in `call'
  puma (3.4.0) lib/puma/configuration.rb:224:in `call'
  puma (3.4.0) lib/puma/server.rb:569:in `handle_request'
  puma (3.4.0) lib/puma/server.rb:406:in `process_client'
  puma (3.4.0) lib/puma/server.rb:271:in `block in run'
  puma (3.4.0) lib/puma/thread_pool.rb:114:in `call'
  puma (3.4.0) lib/puma/thread_pool.rb:114:in `block in spawn_thread'


  Rendered /home/maxim/.rvm/gems/ruby-2.0.0-p648/gems/actionpack-4.2.6/lib/action_dispatch/middleware/templates/rescues/_trace.html.erb (3.5ms)
  Rendered /home/maxim/.rvm/gems/ruby-2.0.0-p648/gems/actionpack-4.2.6/lib/action_dispatch/middleware/templates/routes/_route.html.erb (6.0ms)
  Rendered /home/maxim/.rvm/gems/ruby-2.0.0-p648/gems/actionpack-4.2.6/lib/action_dispatch/middleware/templates/routes/_table.html.erb (14.6ms)
  Rendered /home/maxim/.rvm/gems/ruby-2.0.0-p648/gems/actionpack-4.2.6/lib/action_dispatch/middleware/templates/rescues/_request_and_response.html.erb (17.2ms)
  Rendered /home/maxim/.rvm/gems/ruby-2.0.0-p648/gems/actionpack-4.2.6/lib/action_dispatch/middleware/templates/rescues/routing_error.html.erb within rescues/layout (166.0ms)
  Rendered /home/maxim/.rvm/gems/ruby-2.0.0-p648/gems/web-console-2.3.0/lib/web_console/templates/_markup.html.erb (0.9ms)
  Rendered /home/maxim/.rvm/gems/ruby-2.0.0-p648/gems/web-console-2.3.0/lib/web_console/templates/_inner_console_markup.html.erb within layouts/inlined_string (0.7ms)
  Rendered /home/maxim/.rvm/gems/ruby-2.0.0-p648/gems/web-console-2.3.0/lib/web_console/templates/_prompt_box_markup.html.erb within layouts/inlined_string (0.7ms)
  Rendered /home/maxim/.rvm/gems/ruby-2.0.0-p648/gems/web-console-2.3.0/lib/web_console/templates/style.css.erb within layouts/inlined_string (0.7ms)
  Rendered /home/maxim/.rvm/gems/ruby-2.0.0-p648/gems/web-console-2.3.0/lib/web_console/templates/console.js.erb within layouts/javascript (1133.8ms)
  Rendered /home/maxim/.rvm/gems/ruby-2.0.0-p648/gems/web-console-2.3.0/lib/web_console/templates/main.js.erb within layouts/javascript (0.7ms)
  Rendered /home/maxim/.rvm/gems/ruby-2.0.0-p648/gems/web-console-2.3.0/lib/web_console/templates/error_page.js.erb within layouts/javascript (1.0ms)
  Rendered /home/maxim/.rvm/gems/ruby-2.0.0-p648/gems/web-console-2.3.0/lib/web_console/templates/index.html.erb (1173.3ms)


Started GET "/users" for 127.0.0.1 at 2016-06-30 16:21:54 +0300

ActionController::RoutingError (No route matches [GET] "/users"):
  actionpack (4.2.6) lib/action_dispatch/middleware/debug_exceptions.rb:21:in `call'
  web-console (2.3.0) lib/web_console/middleware.rb:28:in `block in call'
  web-console (2.3.0) lib/web_console/middleware.rb:18:in `catch'
  web-console (2.3.0) lib/web_console/middleware.rb:18:in `call'
  actionpack (4.2.6) lib/action_dispatch/middleware/show_exceptions.rb:30:in `call'
  railties (4.2.6) lib/rails/rack/logger.rb:38:in `call_app'
  railties (4.2.6) lib/rails/rack/logger.rb:20:in `block in call'
  activesupport (4.2.6) lib/active_support/tagged_logging.rb:68:in `block in tagged'
  activesupport (4.2.6) lib/active_support/tagged_logging.rb:26:in `tagged'
  activesupport (4.2.6) lib/active_support/tagged_logging.rb:68:in `tagged'
  railties (4.2.6) lib/rails/rack/logger.rb:20:in `call'
  actionpack (4.2.6) lib/action_dispatch/middleware/request_id.rb:21:in `call'
  rack (1.6.4) lib/rack/methodoverride.rb:22:in `call'
  rack (1.6.4) lib/rack/runtime.rb:18:in `call'
  rack (1.6.4) lib/rack/lock.rb:17:in `call'
  actionpack (4.2.6) lib/action_dispatch/middleware/static.rb:120:in `call'
  rack (1.6.4) lib/rack/sendfile.rb:113:in `call'
  railties (4.2.6) lib/rails/engine.rb:518:in `call'
  railties (4.2.6) lib/rails/application.rb:165:in `call'
  rack (1.6.4) lib/rack/content_length.rb:15:in `call'
  puma (3.4.0) lib/puma/configuration.rb:224:in `call'
  puma (3.4.0) lib/puma/server.rb:569:in `handle_request'
  puma (3.4.0) lib/puma/server.rb:406:in `process_client'
  puma (3.4.0) lib/puma/server.rb:271:in `block in run'
  puma (3.4.0) lib/puma/thread_pool.rb:114:in `call'
  puma (3.4.0) lib/puma/thread_pool.rb:114:in `block in spawn_thread'


  Rendered /home/maxim/.rvm/gems/ruby-2.0.0-p648/gems/actionpack-4.2.6/lib/action_dispatch/middleware/templates/rescues/_trace.html.erb (3.6ms)
  Rendered /home/maxim/.rvm/gems/ruby-2.0.0-p648/gems/actionpack-4.2.6/lib/action_dispatch/middleware/templates/routes/_route.html.erb (7.2ms)
  Rendered /home/maxim/.rvm/gems/ruby-2.0.0-p648/gems/actionpack-4.2.6/lib/action_dispatch/middleware/templates/routes/_table.html.erb (2.8ms)
  Rendered /home/maxim/.rvm/gems/ruby-2.0.0-p648/gems/actionpack-4.2.6/lib/action_dispatch/middleware/templates/rescues/_request_and_response.html.erb (2.5ms)
  Rendered /home/maxim/.rvm/gems/ruby-2.0.0-p648/gems/actionpack-4.2.6/lib/action_dispatch/middleware/templates/rescues/routing_error.html.erb within rescues/layout (64.0ms)
  Rendered /home/maxim/.rvm/gems/ruby-2.0.0-p648/gems/web-console-2.3.0/lib/web_console/templates/_markup.html.erb (0.8ms)
  Rendered /home/maxim/.rvm/gems/ruby-2.0.0-p648/gems/web-console-2.3.0/lib/web_console/templates/_inner_console_markup.html.erb within layouts/inlined_string (0.7ms)
  Rendered /home/maxim/.rvm/gems/ruby-2.0.0-p648/gems/web-console-2.3.0/lib/web_console/templates/_prompt_box_markup.html.erb within layouts/inlined_string (0.7ms)
  Rendered /home/maxim/.rvm/gems/ruby-2.0.0-p648/gems/web-console-2.3.0/lib/web_console/templates/style.css.erb within layouts/inlined_string (0.7ms)
  Rendered /home/maxim/.rvm/gems/ruby-2.0.0-p648/gems/web-console-2.3.0/lib/web_console/templates/console.js.erb within layouts/javascript (24.3ms)
  Rendered /home/maxim/.rvm/gems/ruby-2.0.0-p648/gems/web-console-2.3.0/lib/web_console/templates/main.js.erb within layouts/javascript (0.7ms)
  Rendered /home/maxim/.rvm/gems/ruby-2.0.0-p648/gems/web-console-2.3.0/lib/web_console/templates/error_page.js.erb within layouts/javascript (0.8ms)
  Rendered /home/maxim/.rvm/gems/ruby-2.0.0-p648/gems/web-console-2.3.0/lib/web_console/templates/index.html.erb (50.3ms)


Started GET "/users/1" for 127.0.0.1 at 2016-06-30 16:21:58 +0300

ActionController::RoutingError (No route matches [GET] "/users/1"):
  actionpack (4.2.6) lib/action_dispatch/middleware/debug_exceptions.rb:21:in `call'
  web-console (2.3.0) lib/web_console/middleware.rb:28:in `block in call'
  web-console (2.3.0) lib/web_console/middleware.rb:18:in `catch'
  web-console (2.3.0) lib/web_console/middleware.rb:18:in `call'
  actionpack (4.2.6) lib/action_dispatch/middleware/show_exceptions.rb:30:in `call'
  railties (4.2.6) lib/rails/rack/logger.rb:38:in `call_app'
  railties (4.2.6) lib/rails/rack/logger.rb:20:in `block in call'
  activesupport (4.2.6) lib/active_support/tagged_logging.rb:68:in `block in tagged'
  activesupport (4.2.6) lib/active_support/tagged_logging.rb:26:in `tagged'
  activesupport (4.2.6) lib/active_support/tagged_logging.rb:68:in `tagged'
  railties (4.2.6) lib/rails/rack/logger.rb:20:in `call'
  actionpack (4.2.6) lib/action_dispatch/middleware/request_id.rb:21:in `call'
  rack (1.6.4) lib/rack/methodoverride.rb:22:in `call'
  rack (1.6.4) lib/rack/runtime.rb:18:in `call'
  rack (1.6.4) lib/rack/lock.rb:17:in `call'
  actionpack (4.2.6) lib/action_dispatch/middleware/static.rb:120:in `call'
  rack (1.6.4) lib/rack/sendfile.rb:113:in `call'
  railties (4.2.6) lib/rails/engine.rb:518:in `call'
  railties (4.2.6) lib/rails/application.rb:165:in `call'
  rack (1.6.4) lib/rack/content_length.rb:15:in `call'
  puma (3.4.0) lib/puma/configuration.rb:224:in `call'
  puma (3.4.0) lib/puma/server.rb:569:in `handle_request'
  puma (3.4.0) lib/puma/server.rb:406:in `process_client'
  puma (3.4.0) lib/puma/server.rb:271:in `block in run'
  puma (3.4.0) lib/puma/thread_pool.rb:114:in `call'
  puma (3.4.0) lib/puma/thread_pool.rb:114:in `block in spawn_thread'


  Rendered /home/maxim/.rvm/gems/ruby-2.0.0-p648/gems/actionpack-4.2.6/lib/action_dispatch/middleware/templates/rescues/_trace.html.erb (3.3ms)
  Rendered /home/maxim/.rvm/gems/ruby-2.0.0-p648/gems/actionpack-4.2.6/lib/action_dispatch/middleware/templates/routes/_route.html.erb (6.1ms)
  Rendered /home/maxim/.rvm/gems/ruby-2.0.0-p648/gems/actionpack-4.2.6/lib/action_dispatch/middleware/templates/routes/_table.html.erb (2.5ms)
  Rendered /home/maxim/.rvm/gems/ruby-2.0.0-p648/gems/actionpack-4.2.6/lib/action_dispatch/middleware/templates/rescues/_request_and_response.html.erb (2.4ms)
  Rendered /home/maxim/.rvm/gems/ruby-2.0.0-p648/gems/actionpack-4.2.6/lib/action_dispatch/middleware/templates/rescues/routing_error.html.erb within rescues/layout (64.3ms)
  Rendered /home/maxim/.rvm/gems/ruby-2.0.0-p648/gems/web-console-2.3.0/lib/web_console/templates/_markup.html.erb (0.8ms)
  Rendered /home/maxim/.rvm/gems/ruby-2.0.0-p648/gems/web-console-2.3.0/lib/web_console/templates/_inner_console_markup.html.erb within layouts/inlined_string (0.7ms)
  Rendered /home/maxim/.rvm/gems/ruby-2.0.0-p648/gems/web-console-2.3.0/lib/web_console/templates/_prompt_box_markup.html.erb within layouts/inlined_string (0.7ms)
  Rendered /home/maxim/.rvm/gems/ruby-2.0.0-p648/gems/web-console-2.3.0/lib/web_console/templates/style.css.erb within layouts/inlined_string (0.7ms)
  Rendered /home/maxim/.rvm/gems/ruby-2.0.0-p648/gems/web-console-2.3.0/lib/web_console/templates/console.js.erb within layouts/javascript (24.9ms)
  Rendered /home/maxim/.rvm/gems/ruby-2.0.0-p648/gems/web-console-2.3.0/lib/web_console/templates/main.js.erb within layouts/javascript (0.7ms)
  Rendered /home/maxim/.rvm/gems/ruby-2.0.0-p648/gems/web-console-2.3.0/lib/web_console/templates/error_page.js.erb within layouts/javascript (1.1ms)
  Rendered /home/maxim/.rvm/gems/ruby-2.0.0-p648/gems/web-console-2.3.0/lib/web_console/templates/index.html.erb (52.5ms)
[7005] - Gracefully shutting down workers...
[7005] === puma shutdown: 2016-06-30 16:23:09 +0300 ===
[7005] - Goodbye!
Exiting
